# JRE version: Java(TM) SE Runtime Environment (7.0_51-b13) (build 1.7.0_51-b13)
# Java VM: Java HotSpot(TM) 64-Bit Server VM (24.51-b03 mixed mode windows-amd64 compressed oops)
Heap
 PSYoungGen      total 122368K, used 82814K [0x00000000eae80000, 0x00000000f7c80000, 0x0000000100000000)
  eden space 93184K, 57% used [0x00000000eae80000,0x00000000ee2e61c8,0x00000000f0980000)
  from space 29184K, 99% used [0x00000000f0980000,0x00000000f25f97c0,0x00000000f2600000)
  to   space 41472K, 0% used [0x00000000f5400000,0x00000000f5400000,0x00000000f7c80000)
 ParOldGen       total 119296K, used 96614K [0x00000000c0c00000, 0x00000000c8080000, 0x00000000eae80000)
  object space 119296K, 80% used [0x00000000c0c00000,0x00000000c6a59a08,0x00000000c8080000)
 PSPermGen       total 21504K, used 8239K [0x00000000bba00000, 0x00000000bcf00000, 0x00000000c0c00000)
  object space 21504K, 38% used [0x00000000bba00000,0x00000000bc20bc00,0x00000000bcf00000)
GC Heap History (10 events):
Event: 2.763 GC heap before
{Heap before GC invocations=7 (full 1):
 PSYoungGen      total 36352K, used 36326K [0x00000000eae80000, 0x00000000f1100000, 0x0000000100000000)
  eden space 33792K, 100% used [0x00000000eae80000,0x00000000ecf80000,0x00000000ecf80000)
  from space 2560K, 99% used [0x00000000ecf80000,0x00000000ed1f9bc8,0x00000000ed200000)
  to   space 22528K, 0% used [0x00000000efb00000,0x00000000efb00000,0x00000000f1100000)
 ParOldGen       total 76288K, used 51652K [0x00000000c0c00000, 0x00000000c5680000, 0x00000000eae80000)
  object space 76288K, 67% used [0x00000000c0c00000,0x00000000c3e71000,0x00000000c5680000)
 PSPermGen       total 21504K, used 7610K [0x00000000bba00000, 0x00000000bcf00000, 0x00000000c0c00000)
  object space 21504K, 35% used [0x00000000bba00000,0x00000000bc16e838,0x00000000bcf00000)
Event: 2.779 GC heap after
Heap after GC invocations=7 (full 1):
 PSYoungGen      total 79872K, used 12626K [0x00000000eae80000, 0x00000000f1280000, 0x0000000100000000)
  eden space 57344K, 0% used [0x00000000eae80000,0x00000000eae80000,0x00000000ee680000)
  from space 22528K, 56% used [0x00000000efb00000,0x00000000f07549a0,0x00000000f1100000)
  to   space 20992K, 0% used [0x00000000ee680000,0x00000000ee680000,0x00000000efb00000)
 ParOldGen       total 76288K, used 51652K [0x00000000c0c00000, 0x00000000c5680000, 0x00000000eae80000)
  object space 76288K, 67% used [0x00000000c0c00000,0x00000000c3e71000,0x00000000c5680000)
 PSPermGen       total 21504K, used 7610K [0x00000000bba00000, 0x00000000bcf00000, 0x00000000c0c00000)
  object space 21504K, 35% used [0x00000000bba00000,0x00000000bc16e838,0x00000000bcf00000)
}
Event: 3.058 GC heap before
{Heap before GC invocations=8 (full 1):
 PSYoungGen      total 79872K, used 69970K [0x00000000eae80000, 0x00000000f1280000, 0x0000000100000000)
  eden space 57344K, 100% used [0x00000000eae80000,0x00000000ee680000,0x00000000ee680000)
  from space 22528K, 56% used [0x00000000efb00000,0x00000000f07549a0,0x00000000f1100000)
  to   space 20992K, 0% used [0x00000000ee680000,0x00000000ee680000,0x00000000efb00000)
 ParOldGen       total 76288K, used 51652K [0x00000000c0c00000, 0x00000000c5680000, 0x00000000eae80000)
  object space 76288K, 67% used [0x00000000c0c00000,0x00000000c3e71000,0x00000000c5680000)
 PSPermGen       total 21504K, used 7614K [0x00000000bba00000, 0x00000000bcf00000, 0x00000000c0c00000)
  object space 21504K, 35% used [0x00000000bba00000,0x00000000bc16fa68,0x00000000bcf00000)
Event: 3.086 GC heap after
Heap after GC invocations=8 (full 1):
 PSYoungGen      total 78336K, used 20985K [0x00000000eae80000, 0x00000000f4800000, 0x0000000100000000)
  eden space 57344K, 0% used [0x00000000eae80000,0x00000000eae80000,0x00000000ee680000)
  from space 20992K, 99% used [0x00000000ee680000,0x00000000efafe550,0x00000000efb00000)
  to   space 28160K, 0% used [0x00000000f2c80000,0x00000000f2c80000,0x00000000f4800000)
 ParOldGen       total 76288K, used 60236K [0x00000000c0c00000, 0x00000000c5680000, 0x00000000eae80000)
  object space 76288K, 78% used [0x00000000c0c00000,0x00000000c46d3000,0x00000000c5680000)
 PSPermGen       total 21504K, used 7614K [0x00000000bba00000, 0x00000000bcf00000, 0x00000000c0c00000)
  object space 21504K, 35% used [0x00000000bba00000,0x00000000bc16fa68,0x00000000bcf00000)
}
Event: 3.087 GC heap before
{Heap before GC invocations=9 (full 2):
 PSYoungGen      total 78336K, used 20985K [0x00000000eae80000, 0x00000000f4800000, 0x0000000100000000)
  eden space 57344K, 0% used [0x00000000eae80000,0x00000000eae80000,0x00000000ee680000)
  from space 20992K, 99% used [0x00000000ee680000,0x00000000efafe550,0x00000000efb00000)
  to   space 28160K, 0% used [0x00000000f2c80000,0x00000000f2c80000,0x00000000f4800000)
 ParOldGen       total 76288K, used 60236K [0x00000000c0c00000, 0x00000000c5680000, 0x00000000eae80000)
  object space 76288K, 78% used [0x00000000c0c00000,0x00000000c46d3000,0x00000000c5680000)
 PSPermGen       total 21504K, used 7614K [0x00000000bba00000, 0x00000000bcf00000, 0x00000000c0c00000)
  object space 21504K, 35% used [0x00000000bba00000,0x00000000bc16fa68,0x00000000bcf00000)
Event: 3.285 GC heap after
Heap after GC invocations=9 (full 2):
 PSYoungGen      total 78336K, used 4082K [0x00000000eae80000, 0x00000000f4800000, 0x0000000100000000)
  eden space 57344K, 0% used [0x00000000eae80000,0x00000000eae80000,0x00000000ee680000)
  from space 20992K, 19% used [0x00000000ee680000,0x00000000eea7cb88,0x00000000efb00000)
  to   space 28160K, 0% used [0x00000000f2c80000,0x00000000f2c80000,0x00000000f4800000)
 ParOldGen       total 119296K, used 75846K [0x00000000c0c00000, 0x00000000c8080000, 0x00000000eae80000)
  object space 119296K, 63% used [0x00000000c0c00000,0x00000000c5611a08,0x00000000c8080000)
 PSPermGen       total 21504K, used 7613K [0x00000000bba00000, 0x00000000bcf00000, 0x00000000c0c00000)
  object space 21504K, 35% used [0x00000000bba00000,0x00000000bc16f4b8,0x00000000bcf00000)
}
Event: 3.564 GC heap before
{Heap before GC invocations=10 (full 2):
 PSYoungGen      total 78336K, used 61426K [0x00000000eae80000, 0x00000000f4800000, 0x0000000100000000)
  eden space 57344K, 100% used [0x00000000eae80000,0x00000000ee680000,0x00000000ee680000)
  from space 20992K, 19% used [0x00000000ee680000,0x00000000eea7cb88,0x00000000efb00000)
  to   space 28160K, 0% used [0x00000000f2c80000,0x00000000f2c80000,0x00000000f4800000)
 ParOldGen       total 119296K, used 75846K [0x00000000c0c00000, 0x00000000c8080000, 0x00000000eae80000)
  object space 119296K, 63% used [0x00000000c0c00000,0x00000000c5611a08,0x00000000c8080000)
 PSPermGen       total 21504K, used 7616K [0x00000000bba00000, 0x00000000bcf00000, 0x00000000c0c00000)
  object space 21504K, 35% used [0x00000000bba00000,0x00000000bc170300,0x00000000bcf00000)
Event: 3.601 GC heap after
Heap after GC invocations=10 (full 2):
 PSYoungGen      total 115712K, used 21024K [0x00000000eae80000, 0x00000000f4280000, 0x0000000100000000)
  eden space 93184K, 0% used [0x00000000eae80000,0x00000000eae80000,0x00000000f0980000)
  from space 22528K, 93% used [0x00000000f2c80000,0x00000000f4108000,0x00000000f4280000)
  to   space 29184K, 0% used [0x00000000f0980000,0x00000000f0980000,0x00000000f2600000)
 ParOldGen       total 119296K, used 75846K [0x00000000c0c00000, 0x00000000c8080000, 0x00000000eae80000)
  object space 119296K, 63% used [0x00000000c0c00000,0x00000000c5611a08,0x00000000c8080000)
 PSPermGen       total 21504K, used 7616K [0x00000000bba00000, 0x00000000bcf00000, 0x00000000c0c00000)
  object space 21504K, 35% used [0x00000000bba00000,0x00000000bc170300,0x00000000bcf00000)
}
Event: 4.004 GC heap before
{Heap before GC invocations=11 (full 2):
 PSYoungGen      total 115712K, used 114208K [0x00000000eae80000, 0x00000000f4280000, 0x0000000100000000)
  eden space 93184K, 100% used [0x00000000eae80000,0x00000000f0980000,0x00000000f0980000)
  from space 22528K, 93% used [0x00000000f2c80000,0x00000000f4108000,0x00000000f4280000)
  to   space 29184K, 0% used [0x00000000f0980000,0x00000000f0980000,0x00000000f2600000)
 ParOldGen       total 119296K, used 75846K [0x00000000c0c00000, 0x00000000c8080000, 0x00000000eae80000)
  object space 119296K, 63% used [0x00000000c0c00000,0x00000000c5611a08,0x00000000c8080000)
 PSPermGen       total 21504K, used 7812K [0x00000000bba00000, 0x00000000bcf00000, 0x00000000c0c00000)
  object space 21504K, 36% used [0x00000000bba00000,0x00000000bc1a1000,0x00000000bcf00000)
Event: 4.053 GC heap after
Heap after GC invocations=11 (full 2):
 PSYoungGen      total 122368K, used 29157K [0x00000000eae80000, 0x00000000f7c80000, 0x0000000100000000)
  eden space 93184K, 0% used [0x00000000eae80000,0x00000000eae80000,0x00000000f0980000)
  from space 29184K, 99% used [0x00000000f0980000,0x00000000f25f97c0,0x00000000f2600000)
  to   space 41472K, 0% used [0x00000000f5400000,0x00000000f5400000,0x00000000f7c80000)
 ParOldGen       total 119296K, used 96614K [0x00000000c0c00000, 0x00000000c8080000, 0x00000000eae80000)
  object space 119296K, 80% used [0x00000000c0c00000,0x00000000c6a59a08,0x00000000c8080000)
 PSPermGen       total 21504K, used 7812K [0x00000000bba00000, 0x00000000bcf00000, 0x00000000c0c00000)
  object space 21504K, 36% used [0x00000000bba00000,0x00000000bc1a1000,0x00000000bcf00000)
}

