# JRE version: Java(TM) SE Runtime Environment (7.0_51-b13) (build 1.7.0_51-b13)
# Java VM: Java HotSpot(TM) 64-Bit Server VM (24.51-b03 mixed mode windows-amd64 compressed oops)
Heap
 PSYoungGen      total 19456K, used 10740K [0x00000000eae80000, 0x00000000ec400000, 0x0000000100000000)
  eden space 16896K, 62% used [0x00000000eae80000,0x00000000eb8cd080,0x00000000ebf00000)
  from space 2560K, 7% used [0x00000000ec180000,0x00000000ec1b0000,0x00000000ec400000)
  to   space 2560K, 0% used [0x00000000ebf00000,0x00000000ebf00000,0x00000000ec180000)
 ParOldGen       total 43008K, used 1547K [0x00000000c0c00000, 0x00000000c3600000, 0x00000000eae80000)
  object space 43008K, 3% used [0x00000000c0c00000,0x00000000c0d82df8,0x00000000c3600000)
 PSPermGen       total 21504K, used 5919K [0x00000000bba00000, 0x00000000bcf00000, 0x00000000c0c00000)
  object space 21504K, 27% used [0x00000000bba00000,0x00000000bbfc7e80,0x00000000bcf00000)
GC Heap History (10 events):
Event: 13.178 GC heap before
{Heap before GC invocations=8 (full 0):
 PSYoungGen      total 18944K, used 17200K [0x00000000eae80000, 0x00000000ec400000, 0x0000000100000000)
  eden space 16896K, 100% used [0x00000000eae80000,0x00000000ebf00000,0x00000000ebf00000)
  from space 2048K, 14% used [0x00000000ebf00000,0x00000000ebf4c010,0x00000000ec100000)
  to   space 2560K, 0% used [0x00000000ec180000,0x00000000ec180000,0x00000000ec400000)
 ParOldGen       total 43008K, used 1339K [0x00000000c0c00000, 0x00000000c3600000, 0x00000000eae80000)
  object space 43008K, 3% used [0x00000000c0c00000,0x00000000c0d4edf8,0x00000000c3600000)
 PSPermGen       total 21504K, used 5897K [0x00000000bba00000, 0x00000000bcf00000, 0x00000000c0c00000)
  object space 21504K, 27% used [0x00000000bba00000,0x00000000bbfc2458,0x00000000bcf00000)
Event: 13.179 GC heap after
Heap after GC invocations=8 (full 0):
 PSYoungGen      total 19456K, used 288K [0x00000000eae80000, 0x00000000ec400000, 0x0000000100000000)
  eden space 16896K, 0% used [0x00000000eae80000,0x00000000eae80000,0x00000000ebf00000)
  from space 2560K, 11% used [0x00000000ec180000,0x00000000ec1c8000,0x00000000ec400000)
  to   space 2560K, 0% used [0x00000000ebf00000,0x00000000ebf00000,0x00000000ec180000)
 ParOldGen       total 43008K, used 1379K [0x00000000c0c00000, 0x00000000c3600000, 0x00000000eae80000)
  object space 43008K, 3% used [0x00000000c0c00000,0x00000000c0d58df8,0x00000000c3600000)
 PSPermGen       total 21504K, used 5897K [0x00000000bba00000, 0x00000000bcf00000, 0x00000000c0c00000)
  object space 21504K, 27% used [0x00000000bba00000,0x00000000bbfc2458,0x00000000bcf00000)
}
Event: 14.823 GC heap before
{Heap before GC invocations=9 (full 0):
 PSYoungGen      total 19456K, used 17184K [0x00000000eae80000, 0x00000000ec400000, 0x0000000100000000)
  eden space 16896K, 100% used [0x00000000eae80000,0x00000000ebf00000,0x00000000ebf00000)
  from space 2560K, 11% used [0x00000000ec180000,0x00000000ec1c8000,0x00000000ec400000)
  to   space 2560K, 0% used [0x00000000ebf00000,0x00000000ebf00000,0x00000000ec180000)
 ParOldGen       total 43008K, used 1379K [0x00000000c0c00000, 0x00000000c3600000, 0x00000000eae80000)
  object space 43008K, 3% used [0x00000000c0c00000,0x00000000c0d58df8,0x00000000c3600000)
 PSPermGen       total 21504K, used 5899K [0x00000000bba00000, 0x00000000bcf00000, 0x00000000c0c00000)
  object space 21504K, 27% used [0x00000000bba00000,0x00000000bbfc2ce8,0x00000000bcf00000)
Event: 14.824 GC heap after
Heap after GC invocations=9 (full 0):
 PSYoungGen      total 19456K, used 224K [0x00000000eae80000, 0x00000000ec400000, 0x0000000100000000)
  eden space 16896K, 0% used [0x00000000eae80000,0x00000000eae80000,0x00000000ebf00000)
  from space 2560K, 8% used [0x00000000ebf00000,0x00000000ebf38000,0x00000000ec180000)
  to   space 2560K, 0% used [0x00000000ec180000,0x00000000ec180000,0x00000000ec400000)
 ParOldGen       total 43008K, used 1419K [0x00000000c0c00000, 0x00000000c3600000, 0x00000000eae80000)
  object space 43008K, 3% used [0x00000000c0c00000,0x00000000c0d62df8,0x00000000c3600000)
 PSPermGen       total 21504K, used 5899K [0x00000000bba00000, 0x00000000bcf00000, 0x00000000c0c00000)
  object space 21504K, 27% used [0x00000000bba00000,0x00000000bbfc2ce8,0x00000000bcf00000)
}
Event: 16.472 GC heap before
{Heap before GC invocations=10 (full 0):
 PSYoungGen      total 19456K, used 17120K [0x00000000eae80000, 0x00000000ec400000, 0x0000000100000000)
  eden space 16896K, 100% used [0x00000000eae80000,0x00000000ebf00000,0x00000000ebf00000)
  from space 2560K, 8% used [0x00000000ebf00000,0x00000000ebf38000,0x00000000ec180000)
  to   space 2560K, 0% used [0x00000000ec180000,0x00000000ec180000,0x00000000ec400000)
 ParOldGen       total 43008K, used 1419K [0x00000000c0c00000, 0x00000000c3600000, 0x00000000eae80000)
  object space 43008K, 3% used [0x00000000c0c00000,0x00000000c0d62df8,0x00000000c3600000)
 PSPermGen       total 21504K, used 5912K [0x00000000bba00000, 0x00000000bcf00000, 0x00000000c0c00000)
  object space 21504K, 27% used [0x00000000bba00000,0x00000000bbfc6168,0x00000000bcf00000)
Event: 16.473 GC heap after
Heap after GC invocations=10 (full 0):
 PSYoungGen      total 19456K, used 224K [0x00000000eae80000, 0x00000000ec400000, 0x0000000100000000)
  eden space 16896K, 0% used [0x00000000eae80000,0x00000000eae80000,0x00000000ebf00000)
  from space 2560K, 8% used [0x00000000ec180000,0x00000000ec1b8000,0x00000000ec400000)
  to   space 2560K, 0% used [0x00000000ebf00000,0x00000000ebf00000,0x00000000ec180000)
 ParOldGen       total 43008K, used 1443K [0x00000000c0c00000, 0x00000000c3600000, 0x00000000eae80000)
  object space 43008K, 3% used [0x00000000c0c00000,0x00000000c0d68df8,0x00000000c3600000)
 PSPermGen       total 21504K, used 5912K [0x00000000bba00000, 0x00000000bcf00000, 0x00000000c0c00000)
  object space 21504K, 27% used [0x00000000bba00000,0x00000000bbfc6168,0x00000000bcf00000)
}
Event: 18.150 GC heap before
{Heap before GC invocations=11 (full 0):
 PSYoungGen      total 19456K, used 17120K [0x00000000eae80000, 0x00000000ec400000, 0x0000000100000000)
  eden space 16896K, 100% used [0x00000000eae80000,0x00000000ebf00000,0x00000000ebf00000)
  from space 2560K, 8% used [0x00000000ec180000,0x00000000ec1b8000,0x00000000ec400000)
  to   space 2560K, 0% used [0x00000000ebf00000,0x00000000ebf00000,0x00000000ec180000)
 ParOldGen       total 43008K, used 1443K [0x00000000c0c00000, 0x00000000c3600000, 0x00000000eae80000)
  object space 43008K, 3% used [0x00000000c0c00000,0x00000000c0d68df8,0x00000000c3600000)
 PSPermGen       total 21504K, used 5915K [0x00000000bba00000, 0x00000000bcf00000, 0x00000000c0c00000)
  object space 21504K, 27% used [0x00000000bba00000,0x00000000bbfc6fb8,0x00000000bcf00000)
Event: 18.151 GC heap after
Heap after GC invocations=11 (full 0):
 PSYoungGen      total 19456K, used 192K [0x00000000eae80000, 0x00000000ec400000, 0x0000000100000000)
  eden space 16896K, 0% used [0x00000000eae80000,0x00000000eae80000,0x00000000ebf00000)
  from space 2560K, 7% used [0x00000000ebf00000,0x00000000ebf30000,0x00000000ec180000)
  to   space 2560K, 0% used [0x00000000ec180000,0x00000000ec180000,0x00000000ec400000)
 ParOldGen       total 43008K, used 1499K [0x00000000c0c00000, 0x00000000c3600000, 0x00000000eae80000)
  object space 43008K, 3% used [0x00000000c0c00000,0x00000000c0d76df8,0x00000000c3600000)
 PSPermGen       total 21504K, used 5915K [0x00000000bba00000, 0x00000000bcf00000, 0x00000000c0c00000)
  object space 21504K, 27% used [0x00000000bba00000,0x00000000bbfc6fb8,0x00000000bcf00000)
}
Event: 19.795 GC heap before
{Heap before GC invocations=12 (full 0):
 PSYoungGen      total 19456K, used 17088K [0x00000000eae80000, 0x00000000ec400000, 0x0000000100000000)
  eden space 16896K, 100% used [0x00000000eae80000,0x00000000ebf00000,0x00000000ebf00000)
  from space 2560K, 7% used [0x00000000ebf00000,0x00000000ebf30000,0x00000000ec180000)
  to   space 2560K, 0% used [0x00000000ec180000,0x00000000ec180000,0x00000000ec400000)
 ParOldGen       total 43008K, used 1499K [0x00000000c0c00000, 0x00000000c3600000, 0x00000000eae80000)
  object space 43008K, 3% used [0x00000000c0c00000,0x00000000c0d76df8,0x00000000c3600000)
 PSPermGen       total 21504K, used 5917K [0x00000000bba00000, 0x00000000bcf00000, 0x00000000c0c00000)
  object space 21504K, 27% used [0x00000000bba00000,0x00000000bbfc7548,0x00000000bcf00000)
Event: 19.796 GC heap after
Heap after GC invocations=12 (full 0):
 PSYoungGen      total 19456K, used 192K [0x00000000eae80000, 0x00000000ec400000, 0x0000000100000000)
  eden space 16896K, 0% used [0x00000000eae80000,0x00000000eae80000,0x00000000ebf00000)
  from space 2560K, 7% used [0x00000000ec180000,0x00000000ec1b0000,0x00000000ec400000)
  to   space 2560K, 0% used [0x00000000ebf00000,0x00000000ebf00000,0x00000000ec180000)
 ParOldGen       total 43008K, used 1547K [0x00000000c0c00000, 0x00000000c3600000, 0x00000000eae80000)
  object space 43008K, 3% used [0x00000000c0c00000,0x00000000c0d82df8,0x00000000c3600000)
 PSPermGen       total 21504K, used 5917K [0x00000000bba00000, 0x00000000bcf00000, 0x00000000c0c00000)
  object space 21504K, 27% used [0x00000000bba00000,0x00000000bbfc7548,0x00000000bcf00000)
}

