# JRE version: Java(TM) SE Runtime Environment (7.0_51-b13) (build 1.7.0_51-b13)
# Java VM: Java HotSpot(TM) 64-Bit Server VM (24.51-b03 mixed mode windows-amd64 compressed oops)
Heap
 PSYoungGen      total 78336K, used 66372K [0x00000000eae80000, 0x00000000f1180000, 0x0000000100000000)
  eden space 55808K, 95% used [0x00000000eae80000,0x00000000ee2c4980,0x00000000ee500000)
  from space 22528K, 57% used [0x00000000ef980000,0x00000000f060c980,0x00000000f0f80000)
  to   space 20992K, 0% used [0x00000000ee500000,0x00000000ee500000,0x00000000ef980000)
 ParOldGen       total 77824K, used 52165K [0x00000000c0c00000, 0x00000000c5800000, 0x00000000eae80000)
  object space 77824K, 67% used [0x00000000c0c00000,0x00000000c3ef1700,0x00000000c5800000)
 PSPermGen       total 21504K, used 7615K [0x00000000bba00000, 0x00000000bcf00000, 0x00000000c0c00000)
  object space 21504K, 35% used [0x00000000bba00000,0x00000000bc16fdf8,0x00000000bcf00000)
GC Heap History (10 events):
Event: 0.943 GC heap before
{Heap before GC invocations=3 (full 0):
 PSYoungGen      total 19456K, used 19453K [0x00000000eae80000, 0x00000000ed480000, 0x0000000100000000)
  eden space 16896K, 100% used [0x00000000eae80000,0x00000000ebf00000,0x00000000ebf00000)
  from space 2560K, 99% used [0x00000000ec180000,0x00000000ec3ff7d8,0x00000000ec400000)
  to   space 2560K, 0% used [0x00000000ebf00000,0x00000000ebf00000,0x00000000ec180000)
 ParOldGen       total 43008K, used 20786K [0x00000000c0c00000, 0x00000000c3600000, 0x00000000eae80000)
  object space 43008K, 48% used [0x00000000c0c00000,0x00000000c204ca98,0x00000000c3600000)
 PSPermGen       total 21504K, used 5463K [0x00000000bba00000, 0x00000000bcf00000, 0x00000000c0c00000)
  object space 21504K, 25% used [0x00000000bba00000,0x00000000bbf55e80,0x00000000bcf00000)
Event: 0.954 GC heap after
Heap after GC invocations=3 (full 0):
 PSYoungGen      total 19456K, used 2541K [0x00000000eae80000, 0x00000000ed480000, 0x0000000100000000)
  eden space 16896K, 0% used [0x00000000eae80000,0x00000000eae80000,0x00000000ebf00000)
  from space 2560K, 99% used [0x00000000ebf00000,0x00000000ec17b7c8,0x00000000ec180000)
  to   space 2560K, 0% used [0x00000000ed200000,0x00000000ed200000,0x00000000ed480000)
 ParOldGen       total 43008K, used 36534K [0x00000000c0c00000, 0x00000000c3600000, 0x00000000eae80000)
  object space 43008K, 84% used [0x00000000c0c00000,0x00000000c2fadac8,0x00000000c3600000)
 PSPermGen       total 21504K, used 5463K [0x00000000bba00000, 0x00000000bcf00000, 0x00000000c0c00000)
  object space 21504K, 25% used [0x00000000bba00000,0x00000000bbf55e80,0x00000000bcf00000)
}
Event: 0.954 GC heap before
{Heap before GC invocations=4 (full 1):
 PSYoungGen      total 19456K, used 2541K [0x00000000eae80000, 0x00000000ed480000, 0x0000000100000000)
  eden space 16896K, 0% used [0x00000000eae80000,0x00000000eae80000,0x00000000ebf00000)
  from space 2560K, 99% used [0x00000000ebf00000,0x00000000ec17b7c8,0x00000000ec180000)
  to   space 2560K, 0% used [0x00000000ed200000,0x00000000ed200000,0x00000000ed480000)
 ParOldGen       total 43008K, used 36534K [0x00000000c0c00000, 0x00000000c3600000, 0x00000000eae80000)
  object space 43008K, 84% used [0x00000000c0c00000,0x00000000c2fadac8,0x00000000c3600000)
 PSPermGen       total 21504K, used 5463K [0x00000000bba00000, 0x00000000bcf00000, 0x00000000c0c00000)
  object space 21504K, 25% used [0x00000000bba00000,0x00000000bbf55e80,0x00000000bcf00000)
Event: 1.015 GC heap after
Heap after GC invocations=4 (full 1):
 PSYoungGen      total 19456K, used 0K [0x00000000eae80000, 0x00000000ed480000, 0x0000000100000000)
  eden space 16896K, 0% used [0x00000000eae80000,0x00000000eae80000,0x00000000ebf00000)
  from space 2560K, 0% used [0x00000000ebf00000,0x00000000ebf00000,0x00000000ec180000)
  to   space 2560K, 0% used [0x00000000ed200000,0x00000000ed200000,0x00000000ed480000)
 ParOldGen       total 77824K, used 36771K [0x00000000c0c00000, 0x00000000c5800000, 0x00000000eae80000)
  object space 77824K, 47% used [0x00000000c0c00000,0x00000000c2fe8f08,0x00000000c5800000)
 PSPermGen       total 21504K, used 5462K [0x00000000bba00000, 0x00000000bcf00000, 0x00000000c0c00000)
  object space 21504K, 25% used [0x00000000bba00000,0x00000000bbf55848,0x00000000bcf00000)
}
Event: 2.767 GC heap before
{Heap before GC invocations=5 (full 1):
 PSYoungGen      total 19456K, used 16896K [0x00000000eae80000, 0x00000000ed480000, 0x0000000100000000)
  eden space 16896K, 100% used [0x00000000eae80000,0x00000000ebf00000,0x00000000ebf00000)
  from space 2560K, 0% used [0x00000000ebf00000,0x00000000ebf00000,0x00000000ec180000)
  to   space 2560K, 0% used [0x00000000ed200000,0x00000000ed200000,0x00000000ed480000)
 ParOldGen       total 77824K, used 36771K [0x00000000c0c00000, 0x00000000c5800000, 0x00000000eae80000)
  object space 77824K, 47% used [0x00000000c0c00000,0x00000000c2fe8f08,0x00000000c5800000)
 PSPermGen       total 21504K, used 7600K [0x00000000bba00000, 0x00000000bcf00000, 0x00000000c0c00000)
  object space 21504K, 35% used [0x00000000bba00000,0x00000000bc16c268,0x00000000bcf00000)
Event: 2.773 GC heap after
Heap after GC invocations=5 (full 1):
 PSYoungGen      total 33280K, used 2528K [0x00000000eae80000, 0x00000000ed480000, 0x0000000100000000)
  eden space 30720K, 0% used [0x00000000eae80000,0x00000000eae80000,0x00000000ecc80000)
  from space 2560K, 98% used [0x00000000ed200000,0x00000000ed478010,0x00000000ed480000)
  to   space 2560K, 0% used [0x00000000ecf80000,0x00000000ecf80000,0x00000000ed200000)
 ParOldGen       total 77824K, used 40949K [0x00000000c0c00000, 0x00000000c5800000, 0x00000000eae80000)
  object space 77824K, 52% used [0x00000000c0c00000,0x00000000c33fd6f0,0x00000000c5800000)
 PSPermGen       total 21504K, used 7600K [0x00000000bba00000, 0x00000000bcf00000, 0x00000000c0c00000)
  object space 21504K, 35% used [0x00000000bba00000,0x00000000bc16c268,0x00000000bcf00000)
}
Event: 2.968 GC heap before
{Heap before GC invocations=6 (full 1):
 PSYoungGen      total 33280K, used 33248K [0x00000000eae80000, 0x00000000ed480000, 0x0000000100000000)
  eden space 30720K, 100% used [0x00000000eae80000,0x00000000ecc80000,0x00000000ecc80000)
  from space 2560K, 98% used [0x00000000ed200000,0x00000000ed478010,0x00000000ed480000)
  to   space 2560K, 0% used [0x00000000ecf80000,0x00000000ecf80000,0x00000000ed200000)
 ParOldGen       total 77824K, used 40949K [0x00000000c0c00000, 0x00000000c5800000, 0x00000000eae80000)
  object space 77824K, 52% used [0x00000000c0c00000,0x00000000c33fd6f0,0x00000000c5800000)
 PSPermGen       total 21504K, used 7610K [0x00000000bba00000, 0x00000000bcf00000, 0x00000000c0c00000)
  object space 21504K, 35% used [0x00000000bba00000,0x00000000bc16eb48,0x00000000bcf00000)
Event: 2.980 GC heap after
Heap after GC invocations=6 (full 1):
 PSYoungGen      total 36352K, used 2550K [0x00000000eae80000, 0x00000000f0f80000, 0x0000000100000000)
  eden space 33792K, 0% used [0x00000000eae80000,0x00000000eae80000,0x00000000ecf80000)
  from space 2560K, 99% used [0x00000000ecf80000,0x00000000ed1fdba8,0x00000000ed200000)
  to   space 22528K, 0% used [0x00000000ef980000,0x00000000ef980000,0x00000000f0f80000)
 ParOldGen       total 77824K, used 52165K [0x00000000c0c00000, 0x00000000c5800000, 0x00000000eae80000)
  object space 77824K, 67% used [0x00000000c0c00000,0x00000000c3ef1700,0x00000000c5800000)
 PSPermGen       total 21504K, used 7610K [0x00000000bba00000, 0x00000000bcf00000, 0x00000000c0c00000)
  object space 21504K, 35% used [0x00000000bba00000,0x00000000bc16eb48,0x00000000bcf00000)
}
Event: 3.055 GC heap before
{Heap before GC invocations=7 (full 1):
 PSYoungGen      total 36352K, used 36342K [0x00000000eae80000, 0x00000000f0f80000, 0x0000000100000000)
  eden space 33792K, 100% used [0x00000000eae80000,0x00000000ecf80000,0x00000000ecf80000)
  from space 2560K, 99% used [0x00000000ecf80000,0x00000000ed1fdba8,0x00000000ed200000)
  to   space 22528K, 0% used [0x00000000ef980000,0x00000000ef980000,0x00000000f0f80000)
 ParOldGen       total 77824K, used 52165K [0x00000000c0c00000, 0x00000000c5800000, 0x00000000eae80000)
  object space 77824K, 67% used [0x00000000c0c00000,0x00000000c3ef1700,0x00000000c5800000)
 PSPermGen       total 21504K, used 7610K [0x00000000bba00000, 0x00000000bcf00000, 0x00000000c0c00000)
  object space 21504K, 35% used [0x00000000bba00000,0x00000000bc16eb48,0x00000000bcf00000)
Event: 3.068 GC heap after
Heap after GC invocations=7 (full 1):
 PSYoungGen      total 78336K, used 12850K [0x00000000eae80000, 0x00000000f1180000, 0x0000000100000000)
  eden space 55808K, 0% used [0x00000000eae80000,0x00000000eae80000,0x00000000ee500000)
  from space 22528K, 57% used [0x00000000ef980000,0x00000000f060c980,0x00000000f0f80000)
  to   space 20992K, 0% used [0x00000000ee500000,0x00000000ee500000,0x00000000ef980000)
 ParOldGen       total 77824K, used 52165K [0x00000000c0c00000, 0x00000000c5800000, 0x00000000eae80000)
  object space 77824K, 67% used [0x00000000c0c00000,0x00000000c3ef1700,0x00000000c5800000)
 PSPermGen       total 21504K, used 7610K [0x00000000bba00000, 0x00000000bcf00000, 0x00000000c0c00000)
  object space 21504K, 35% used [0x00000000bba00000,0x00000000bc16eb48,0x00000000bcf00000)
}

