# JRE version: Java(TM) SE Runtime Environment (7.0_51-b13) (build 1.7.0_51-b13)
# Java VM: Java HotSpot(TM) 64-Bit Server VM (24.51-b03 mixed mode windows-amd64 compressed oops)
Heap
 PSYoungGen      total 127488K, used 73779K [0x00000000eae80000, 0x00000000f8480000, 0x0000000100000000)
  eden space 97792K, 45% used [0x00000000eae80000,0x00000000ed98f610,0x00000000f0e00000)
  from space 29696K, 99% used [0x00000000f0e00000,0x00000000f2afd7b0,0x00000000f2b00000)
  to   space 41472K, 0% used [0x00000000f5c00000,0x00000000f5c00000,0x00000000f8480000)
 ParOldGen       total 119808K, used 96059K [0x00000000c0c00000, 0x00000000c8100000, 0x00000000eae80000)
  object space 119808K, 80% used [0x00000000c0c00000,0x00000000c69ced10,0x00000000c8100000)
 PSPermGen       total 21504K, used 8200K [0x00000000bba00000, 0x00000000bcf00000, 0x00000000c0c00000)
  object space 21504K, 38% used [0x00000000bba00000,0x00000000bc202200,0x00000000bcf00000)
GC Heap History (10 events):
Event: 2.625 GC heap before
{Heap before GC invocations=7 (full 1):
 PSYoungGen      total 36352K, used 36342K [0x00000000eae80000, 0x00000000f1300000, 0x0000000100000000)
  eden space 33792K, 100% used [0x00000000eae80000,0x00000000ecf80000,0x00000000ecf80000)
  from space 2560K, 99% used [0x00000000ecf80000,0x00000000ed1fdbd8,0x00000000ed200000)
  to   space 23040K, 0% used [0x00000000efc80000,0x00000000efc80000,0x00000000f1300000)
 ParOldGen       total 76800K, used 51645K [0x00000000c0c00000, 0x00000000c5700000, 0x00000000eae80000)
  object space 76800K, 67% used [0x00000000c0c00000,0x00000000c3e6f628,0x00000000c5700000)
 PSPermGen       total 21504K, used 7608K [0x00000000bba00000, 0x00000000bcf00000, 0x00000000c0c00000)
  object space 21504K, 35% used [0x00000000bba00000,0x00000000bc16e3d0,0x00000000bcf00000)
Event: 2.637 GC heap after
Heap after GC invocations=7 (full 1):
 PSYoungGen      total 81408K, used 12658K [0x00000000eae80000, 0x00000000f1400000, 0x0000000100000000)
  eden space 58368K, 0% used [0x00000000eae80000,0x00000000eae80000,0x00000000ee780000)
  from space 23040K, 54% used [0x00000000efc80000,0x00000000f08dc9a0,0x00000000f1300000)
  to   space 21504K, 0% used [0x00000000ee780000,0x00000000ee780000,0x00000000efc80000)
 ParOldGen       total 76800K, used 51645K [0x00000000c0c00000, 0x00000000c5700000, 0x00000000eae80000)
  object space 76800K, 67% used [0x00000000c0c00000,0x00000000c3e6f628,0x00000000c5700000)
 PSPermGen       total 21504K, used 7608K [0x00000000bba00000, 0x00000000bcf00000, 0x00000000c0c00000)
  object space 21504K, 35% used [0x00000000bba00000,0x00000000bc16e3d0,0x00000000bcf00000)
}
Event: 2.873 GC heap before
{Heap before GC invocations=8 (full 1):
 PSYoungGen      total 81408K, used 71026K [0x00000000eae80000, 0x00000000f1400000, 0x0000000100000000)
  eden space 58368K, 100% used [0x00000000eae80000,0x00000000ee780000,0x00000000ee780000)
  from space 23040K, 54% used [0x00000000efc80000,0x00000000f08dc9a0,0x00000000f1300000)
  to   space 21504K, 0% used [0x00000000ee780000,0x00000000ee780000,0x00000000efc80000)
 ParOldGen       total 76800K, used 51645K [0x00000000c0c00000, 0x00000000c5700000, 0x00000000eae80000)
  object space 76800K, 67% used [0x00000000c0c00000,0x00000000c3e6f628,0x00000000c5700000)
 PSPermGen       total 21504K, used 7613K [0x00000000bba00000, 0x00000000bcf00000, 0x00000000c0c00000)
  object space 21504K, 35% used [0x00000000bba00000,0x00000000bc16f7a8,0x00000000bcf00000)
Event: 2.897 GC heap after
Heap after GC invocations=8 (full 1):
 PSYoungGen      total 79872K, used 21481K [0x00000000eae80000, 0x00000000f4b80000, 0x0000000100000000)
  eden space 58368K, 0% used [0x00000000eae80000,0x00000000eae80000,0x00000000ee780000)
  from space 21504K, 99% used [0x00000000ee780000,0x00000000efc7a540,0x00000000efc80000)
  to   space 28672K, 0% used [0x00000000f2f80000,0x00000000f2f80000,0x00000000f4b80000)
 ParOldGen       total 76800K, used 60021K [0x00000000c0c00000, 0x00000000c5700000, 0x00000000eae80000)
  object space 76800K, 78% used [0x00000000c0c00000,0x00000000c469d628,0x00000000c5700000)
 PSPermGen       total 21504K, used 7613K [0x00000000bba00000, 0x00000000bcf00000, 0x00000000c0c00000)
  object space 21504K, 35% used [0x00000000bba00000,0x00000000bc16f7a8,0x00000000bcf00000)
}
Event: 2.897 GC heap before
{Heap before GC invocations=9 (full 2):
 PSYoungGen      total 79872K, used 21481K [0x00000000eae80000, 0x00000000f4b80000, 0x0000000100000000)
  eden space 58368K, 0% used [0x00000000eae80000,0x00000000eae80000,0x00000000ee780000)
  from space 21504K, 99% used [0x00000000ee780000,0x00000000efc7a540,0x00000000efc80000)
  to   space 28672K, 0% used [0x00000000f2f80000,0x00000000f2f80000,0x00000000f4b80000)
 ParOldGen       total 76800K, used 60021K [0x00000000c0c00000, 0x00000000c5700000, 0x00000000eae80000)
  object space 76800K, 78% used [0x00000000c0c00000,0x00000000c469d628,0x00000000c5700000)
 PSPermGen       total 21504K, used 7613K [0x00000000bba00000, 0x00000000bcf00000, 0x00000000c0c00000)
  object space 21504K, 35% used [0x00000000bba00000,0x00000000bc16f7a8,0x00000000bcf00000)
Event: 3.090 GC heap after
Heap after GC invocations=9 (full 2):
 PSYoungGen      total 79872K, used 3555K [0x00000000eae80000, 0x00000000f4b80000, 0x0000000100000000)
  eden space 58368K, 0% used [0x00000000eae80000,0x00000000eae80000,0x00000000ee780000)
  from space 21504K, 16% used [0x00000000ee780000,0x00000000eeaf8c48,0x00000000efc80000)
  to   space 28672K, 0% used [0x00000000f2f80000,0x00000000f2f80000,0x00000000f4b80000)
 ParOldGen       total 119808K, used 76731K [0x00000000c0c00000, 0x00000000c8100000, 0x00000000eae80000)
  object space 119808K, 64% used [0x00000000c0c00000,0x00000000c56eed10,0x00000000c8100000)
 PSPermGen       total 21504K, used 7612K [0x00000000bba00000, 0x00000000bcf00000, 0x00000000c0c00000)
  object space 21504K, 35% used [0x00000000bba00000,0x00000000bc16f238,0x00000000bcf00000)
}
Event: 3.269 GC heap before
{Heap before GC invocations=10 (full 2):
 PSYoungGen      total 79872K, used 61923K [0x00000000eae80000, 0x00000000f4b80000, 0x0000000100000000)
  eden space 58368K, 100% used [0x00000000eae80000,0x00000000ee780000,0x00000000ee780000)
  from space 21504K, 16% used [0x00000000ee780000,0x00000000eeaf8c48,0x00000000efc80000)
  to   space 28672K, 0% used [0x00000000f2f80000,0x00000000f2f80000,0x00000000f4b80000)
 ParOldGen       total 119808K, used 76731K [0x00000000c0c00000, 0x00000000c8100000, 0x00000000eae80000)
  object space 119808K, 64% used [0x00000000c0c00000,0x00000000c56eed10,0x00000000c8100000)
 PSPermGen       total 21504K, used 7615K [0x00000000bba00000, 0x00000000bcf00000, 0x00000000c0c00000)
  object space 21504K, 35% used [0x00000000bba00000,0x00000000bc16ffe0,0x00000000bcf00000)
Event: 3.299 GC heap after
Heap after GC invocations=10 (full 2):
 PSYoungGen      total 122880K, used 20800K [0x00000000eae80000, 0x00000000f4800000, 0x0000000100000000)
  eden space 97792K, 0% used [0x00000000eae80000,0x00000000eae80000,0x00000000f0e00000)
  from space 25088K, 82% used [0x00000000f2f80000,0x00000000f43d0000,0x00000000f4800000)
  to   space 29696K, 0% used [0x00000000f0e00000,0x00000000f0e00000,0x00000000f2b00000)
 ParOldGen       total 119808K, used 76731K [0x00000000c0c00000, 0x00000000c8100000, 0x00000000eae80000)
  object space 119808K, 64% used [0x00000000c0c00000,0x00000000c56eed10,0x00000000c8100000)
 PSPermGen       total 21504K, used 7615K [0x00000000bba00000, 0x00000000bcf00000, 0x00000000c0c00000)
  object space 21504K, 35% used [0x00000000bba00000,0x00000000bc16ffe0,0x00000000bcf00000)
}
Event: 3.728 GC heap before
{Heap before GC invocations=11 (full 2):
 PSYoungGen      total 122880K, used 118592K [0x00000000eae80000, 0x00000000f4800000, 0x0000000100000000)
  eden space 97792K, 100% used [0x00000000eae80000,0x00000000f0e00000,0x00000000f0e00000)
  from space 25088K, 82% used [0x00000000f2f80000,0x00000000f43d0000,0x00000000f4800000)
  to   space 29696K, 0% used [0x00000000f0e00000,0x00000000f0e00000,0x00000000f2b00000)
 ParOldGen       total 119808K, used 76731K [0x00000000c0c00000, 0x00000000c8100000, 0x00000000eae80000)
  object space 119808K, 64% used [0x00000000c0c00000,0x00000000c56eed10,0x00000000c8100000)
 PSPermGen       total 21504K, used 7811K [0x00000000bba00000, 0x00000000bcf00000, 0x00000000c0c00000)
  object space 21504K, 36% used [0x00000000bba00000,0x00000000bc1a0e88,0x00000000bcf00000)
Event: 3.773 GC heap after
Heap after GC invocations=11 (full 2):
 PSYoungGen      total 127488K, used 29685K [0x00000000eae80000, 0x00000000f8480000, 0x0000000100000000)
  eden space 97792K, 0% used [0x00000000eae80000,0x00000000eae80000,0x00000000f0e00000)
  from space 29696K, 99% used [0x00000000f0e00000,0x00000000f2afd7b0,0x00000000f2b00000)
  to   space 41472K, 0% used [0x00000000f5c00000,0x00000000f5c00000,0x00000000f8480000)
 ParOldGen       total 119808K, used 96059K [0x00000000c0c00000, 0x00000000c8100000, 0x00000000eae80000)
  object space 119808K, 80% used [0x00000000c0c00000,0x00000000c69ced10,0x00000000c8100000)
 PSPermGen       total 21504K, used 7811K [0x00000000bba00000, 0x00000000bcf00000, 0x00000000c0c00000)
  object space 21504K, 36% used [0x00000000bba00000,0x00000000bc1a0e88,0x00000000bcf00000)
}

