# JRE version: Java(TM) SE Runtime Environment (7.0_51-b13) (build 1.7.0_51-b13)
# Java VM: Java HotSpot(TM) 64-Bit Server VM (24.51-b03 mixed mode windows-amd64 compressed oops)
Heap
 PSYoungGen      total 53248K, used 16840K [0x00000000eae80000, 0x00000000ef580000, 0x0000000100000000)
  eden space 34816K, 48% used [0x00000000eae80000,0x00000000ebef3580,0x00000000ed080000)
  from space 18432K, 0% used [0x00000000ee380000,0x00000000ee380000,0x00000000ef580000)
  to   space 18944K, 0% used [0x00000000ed080000,0x00000000ed080000,0x00000000ee300000)
 ParOldGen       total 117760K, used 40157K [0x00000000c0c00000, 0x00000000c7f00000, 0x00000000eae80000)
  object space 117760K, 34% used [0x00000000c0c00000,0x00000000c3337678,0x00000000c7f00000)
 PSPermGen       total 21504K, used 8181K [0x00000000bba00000, 0x00000000bcf00000, 0x00000000c0c00000)
  object space 21504K, 38% used [0x00000000bba00000,0x00000000bc1fd6d8,0x00000000bcf00000)
GC Heap History (10 events):
Event: 3.427 GC heap before
{Heap before GC invocations=14 (full 2):
 PSYoungGen      total 43008K, used 30496K [0x00000000eae80000, 0x00000000ef680000, 0x0000000100000000)
  eden space 23552K, 100% used [0x00000000eae80000,0x00000000ec580000,0x00000000ec580000)
  from space 19456K, 35% used [0x00000000ec580000,0x00000000ecc48000,0x00000000ed880000)
  to   space 19456K, 0% used [0x00000000ee380000,0x00000000ee380000,0x00000000ef680000)
 ParOldGen       total 107520K, used 90079K [0x00000000c0c00000, 0x00000000c7500000, 0x00000000eae80000)
  object space 107520K, 83% used [0x00000000c0c00000,0x00000000c63f7f30,0x00000000c7500000)
 PSPermGen       total 21504K, used 7619K [0x00000000bba00000, 0x00000000bcf00000, 0x00000000c0c00000)
  object space 21504K, 35% used [0x00000000bba00000,0x00000000bc170c10,0x00000000bcf00000)
Event: 3.451 GC heap after
Heap after GC invocations=14 (full 2):
 PSYoungGen      total 53248K, used 8448K [0x00000000eae80000, 0x00000000ef580000, 0x0000000100000000)
  eden space 34816K, 0% used [0x00000000eae80000,0x00000000eae80000,0x00000000ed080000)
  from space 18432K, 45% used [0x00000000ee380000,0x00000000eebc0010,0x00000000ef580000)
  to   space 18944K, 0% used [0x00000000ed080000,0x00000000ed080000,0x00000000ee300000)
 ParOldGen       total 107520K, used 96999K [0x00000000c0c00000, 0x00000000c7500000, 0x00000000eae80000)
  object space 107520K, 90% used [0x00000000c0c00000,0x00000000c6ab9f30,0x00000000c7500000)
 PSPermGen       total 21504K, used 7619K [0x00000000bba00000, 0x00000000bcf00000, 0x00000000c0c00000)
  object space 21504K, 35% used [0x00000000bba00000,0x00000000bc170c10,0x00000000bcf00000)
}
Event: 3.451 GC heap before
{Heap before GC invocations=15 (full 3):
 PSYoungGen      total 53248K, used 8448K [0x00000000eae80000, 0x00000000ef580000, 0x0000000100000000)
  eden space 34816K, 0% used [0x00000000eae80000,0x00000000eae80000,0x00000000ed080000)
  from space 18432K, 45% used [0x00000000ee380000,0x00000000eebc0010,0x00000000ef580000)
  to   space 18944K, 0% used [0x00000000ed080000,0x00000000ed080000,0x00000000ee300000)
 ParOldGen       total 107520K, used 96999K [0x00000000c0c00000, 0x00000000c7500000, 0x00000000eae80000)
  object space 107520K, 90% used [0x00000000c0c00000,0x00000000c6ab9f30,0x00000000c7500000)
 PSPermGen       total 21504K, used 7619K [0x00000000bba00000, 0x00000000bcf00000, 0x00000000c0c00000)
  object space 21504K, 35% used [0x00000000bba00000,0x00000000bc170c10,0x00000000bcf00000)
Event: 3.695 GC heap after
Heap after GC invocations=15 (full 3):
 PSYoungGen      total 53248K, used 0K [0x00000000eae80000, 0x00000000ef580000, 0x0000000100000000)
  eden space 34816K, 0% used [0x00000000eae80000,0x00000000eae80000,0x00000000ed080000)
  from space 18432K, 0% used [0x00000000ee380000,0x00000000ee380000,0x00000000ef580000)
  to   space 18944K, 0% used [0x00000000ed080000,0x00000000ed080000,0x00000000ee300000)
 ParOldGen       total 107520K, used 103241K [0x00000000c0c00000, 0x00000000c7500000, 0x00000000eae80000)
  object space 107520K, 96% used [0x00000000c0c00000,0x00000000c70d2468,0x00000000c7500000)
 PSPermGen       total 21504K, used 7618K [0x00000000bba00000, 0x00000000bcf00000, 0x00000000c0c00000)
  object space 21504K, 35% used [0x00000000bba00000,0x00000000bc170a10,0x00000000bcf00000)
}
Event: 3.770 GC heap before
{Heap before GC invocations=16 (full 4):
 PSYoungGen      total 53248K, used 34816K [0x00000000eae80000, 0x00000000ef580000, 0x0000000100000000)
  eden space 34816K, 100% used [0x00000000eae80000,0x00000000ed080000,0x00000000ed080000)
  from space 18432K, 0% used [0x00000000ee380000,0x00000000ee380000,0x00000000ef580000)
  to   space 18944K, 0% used [0x00000000ed080000,0x00000000ed080000,0x00000000ee300000)
 ParOldGen       total 107520K, used 103241K [0x00000000c0c00000, 0x00000000c7500000, 0x00000000eae80000)
  object space 107520K, 96% used [0x00000000c0c00000,0x00000000c70d2468,0x00000000c7500000)
 PSPermGen       total 21504K, used 7618K [0x00000000bba00000, 0x00000000bcf00000, 0x00000000c0c00000)
  object space 21504K, 35% used [0x00000000bba00000,0x00000000bc170b18,0x00000000bcf00000)
Event: 4.294 GC heap after
Heap after GC invocations=16 (full 4):
 PSYoungGen      total 53248K, used 5939K [0x00000000eae80000, 0x00000000ef580000, 0x0000000100000000)
  eden space 34816K, 17% used [0x00000000eae80000,0x00000000eb44cc50,0x00000000ed080000)
  from space 18432K, 0% used [0x00000000ee380000,0x00000000ee380000,0x00000000ef580000)
  to   space 18944K, 0% used [0x00000000ed080000,0x00000000ed080000,0x00000000ee300000)
 ParOldGen       total 107520K, used 107409K [0x00000000c0c00000, 0x00000000c7500000, 0x00000000eae80000)
  object space 107520K, 99% used [0x00000000c0c00000,0x00000000c74e4708,0x00000000c7500000)
 PSPermGen       total 21504K, used 7618K [0x00000000bba00000, 0x00000000bcf00000, 0x00000000c0c00000)
  object space 21504K, 35% used [0x00000000bba00000,0x00000000bc170b18,0x00000000bcf00000)
}
Event: 4.355 GC heap before
{Heap before GC invocations=17 (full 5):
 PSYoungGen      total 53248K, used 34816K [0x00000000eae80000, 0x00000000ef580000, 0x0000000100000000)
  eden space 34816K, 100% used [0x00000000eae80000,0x00000000ed080000,0x00000000ed080000)
  from space 18432K, 0% used [0x00000000ee380000,0x00000000ee380000,0x00000000ef580000)
  to   space 18944K, 0% used [0x00000000ed080000,0x00000000ed080000,0x00000000ee300000)
 ParOldGen       total 107520K, used 107409K [0x00000000c0c00000, 0x00000000c7500000, 0x00000000eae80000)
  object space 107520K, 99% used [0x00000000c0c00000,0x00000000c74e4708,0x00000000c7500000)
 PSPermGen       total 21504K, used 7619K [0x00000000bba00000, 0x00000000bcf00000, 0x00000000c0c00000)
  object space 21504K, 35% used [0x00000000bba00000,0x00000000bc170ea0,0x00000000bcf00000)
Event: 4.590 GC heap after
Heap after GC invocations=17 (full 5):
 PSYoungGen      total 53248K, used 14312K [0x00000000eae80000, 0x00000000ef580000, 0x0000000100000000)
  eden space 34816K, 41% used [0x00000000eae80000,0x00000000ebc7a180,0x00000000ed080000)
  from space 18432K, 0% used [0x00000000ee380000,0x00000000ee380000,0x00000000ef580000)
  to   space 18944K, 0% used [0x00000000ed080000,0x00000000ed080000,0x00000000ee300000)
 ParOldGen       total 107520K, used 107409K [0x00000000c0c00000, 0x00000000c7500000, 0x00000000eae80000)
  object space 107520K, 99% used [0x00000000c0c00000,0x00000000c74e4708,0x00000000c7500000)
 PSPermGen       total 21504K, used 7619K [0x00000000bba00000, 0x00000000bcf00000, 0x00000000c0c00000)
  object space 21504K, 35% used [0x00000000bba00000,0x00000000bc170ea0,0x00000000bcf00000)
}
Event: 5.079 GC heap before
{Heap before GC invocations=18 (full 6):
 PSYoungGen      total 53248K, used 34816K [0x00000000eae80000, 0x00000000ef580000, 0x0000000100000000)
  eden space 34816K, 100% used [0x00000000eae80000,0x00000000ed080000,0x00000000ed080000)
  from space 18432K, 0% used [0x00000000ee380000,0x00000000ee380000,0x00000000ef580000)
  to   space 18944K, 0% used [0x00000000ed080000,0x00000000ed080000,0x00000000ee300000)
 ParOldGen       total 107520K, used 107409K [0x00000000c0c00000, 0x00000000c7500000, 0x00000000eae80000)
  object space 107520K, 99% used [0x00000000c0c00000,0x00000000c74e4708,0x00000000c7500000)
 PSPermGen       total 21504K, used 8104K [0x00000000bba00000, 0x00000000bcf00000, 0x00000000c0c00000)
  object space 21504K, 37% used [0x00000000bba00000,0x00000000bc1ea2c0,0x00000000bcf00000)
Event: 5.105 GC heap after
Heap after GC invocations=18 (full 6):
 PSYoungGen      total 53248K, used 0K [0x00000000eae80000, 0x00000000ef580000, 0x0000000100000000)
  eden space 34816K, 0% used [0x00000000eae80000,0x00000000eae80000,0x00000000ed080000)
  from space 18432K, 0% used [0x00000000ee380000,0x00000000ee380000,0x00000000ef580000)
  to   space 18944K, 0% used [0x00000000ed080000,0x00000000ed080000,0x00000000ee300000)
 ParOldGen       total 117760K, used 40157K [0x00000000c0c00000, 0x00000000c7f00000, 0x00000000eae80000)
  object space 117760K, 34% used [0x00000000c0c00000,0x00000000c3337678,0x00000000c7f00000)
 PSPermGen       total 21504K, used 8104K [0x00000000bba00000, 0x00000000bcf00000, 0x00000000c0c00000)
  object space 21504K, 37% used [0x00000000bba00000,0x00000000bc1ea248,0x00000000bcf00000)
}

